<?xml version="1.0" encoding="UTF-8"?>
<testsuite xmlns:xsi="http://www.w3.org/2001/XMLSchema-instance" xsi:noNamespaceSchemaLocation="https://maven.apache.org/surefire/maven-surefire-plugin/xsd/surefire-test-report.xsd" name="mu.sebastienluckhoo.cst3130.AppTest" time="0.055" tests="5" errors="0" skipped="0" failures="0">
  <properties>
[...]
</properties>
  <testcase name="testDescriptionFromScraper1" classname="mu.sebastienluckhoo.cst3130.AppTest" time="0.028"/>
  <testcase name="testDescriptionFromLaptopTitle" classname="mu.sebastienluckhoo.cst3130.AppTest" time="0.002"/>
  <testcase name="testBrandFromLaptopTitle" classname="mu.sebastienluckhoo.cst3130.AppTest" time="0.001"/>
  <testcase name="testBrandFromScraper1" classname="mu.sebastienluckhoo.cst3130.AppTest" time="0.001"/>
  <testcase name="replaceCommasInPrice" classname="mu.sebastienluckhoo.cst3130.AppTest" time="0.001"/>
</testsuite>